2025-09-01T19:23:39+02:00 insertPayment payload: {"user_id":2,"billing_id":"78","reservation_id":"100","sub_method_id":1,"amount_paid":"99.5","payment_date":"2025-09-02 01:23:39","notes":"","reference_number":null}
2025-09-01T19:23:43+02:00 insertPayment payload: {"user_id":2,"billing_id":"78","reservation_id":"100","sub_method_id":1,"amount_paid":"99.5","payment_date":"2025-09-02 01:23:43","notes":"","reference_number":"123"}
2025-09-01T19:23:45+02:00 insertPayment payload: {"user_id":2,"billing_id":"78","reservation_id":"100","sub_method_id":1,"amount_paid":"99.5","payment_date":"2025-09-02 01:23:45","notes":"123","reference_number":"123"}
2025-09-01T19:27:03+02:00 insertPayment payload: {"user_id":2,"billing_id":"78","reservation_id":"100","sub_method_id":1,"amount_paid":"99.5","payment_date":"2025-09-02 01:27:03","notes":"","reference_number":null}
2025-09-01T19:27:03+02:00 ERROR: Notes are required for electronic payments
2025-09-01T19:27:16+02:00 insertPayment payload: {"user_id":2,"billing_id":"78","reservation_id":"100","sub_method_id":1,"amount_paid":"1","payment_date":"2025-09-02 01:27:16","notes":"","reference_number":null}
2025-09-01T19:27:16+02:00 ERROR: Notes are required for electronic payments
2025-09-01T19:29:21+02:00 insertPayment payload: {"user_id":2,"billing_id":"78","reservation_id":"100","sub_method_id":1,"amount_paid":"12","payment_date":"2025-09-02 01:29:21","notes":"","reference_number":null}
2025-09-01T19:29:21+02:00 ERROR: Notes are required for electronic payments
2025-09-01T19:29:52+02:00 insertPayment payload: {"user_id":2,"billing_id":"78","reservation_id":"100","sub_method_id":1,"amount_paid":"12","payment_date":"2025-09-02 01:29:51","notes":"","reference_number":null}
2025-09-01T19:29:52+02:00 ERROR: Notes are required for electronic payments
2025-09-01T19:29:55+02:00 insertPayment payload: {"user_id":2,"billing_id":"78","reservation_id":"100","sub_method_id":1,"amount_paid":"12","payment_date":"2025-09-02 01:29:55","notes":"","reference_number":null}
2025-09-01T19:29:55+02:00 ERROR: Notes are required for electronic payments
2025-09-01T19:30:20+02:00 insertPayment payload: {"user_id":2,"billing_id":"78","reservation_id":"100","sub_method_id":1,"amount_paid":"12","payment_date":"2025-09-02 01:30:20","notes":"","reference_number":null}
2025-09-01T19:30:20+02:00 ERROR: Notes are required for electronic payments
2025-09-01T19:30:48+02:00 insertPayment payload: {"user_id":2,"billing_id":"78","reservation_id":"100","sub_method_id":1,"amount_paid":"1","payment_date":"2025-09-02 01:30:48","notes":"","reference_number":null}
2025-09-01T19:30:48+02:00 ERROR: Notes are required for electronic payments
2025-09-01T19:32:06+02:00 insertPayment payload: {"user_id":2,"billing_id":"78","reservation_id":"100","sub_method_id":1,"amount_paid":"2","payment_date":"2025-09-02 01:32:06","notes":"","reference_number":null}
2025-09-01T19:32:06+02:00 ERROR: Notes are required for electronic payments
2025-09-01T19:32:10+02:00 insertPayment payload: {"user_id":2,"billing_id":"78","reservation_id":"100","sub_method_id":1,"amount_paid":"2","payment_date":"2025-09-02 01:32:10","notes":"","reference_number":"123123"}
2025-09-01T19:32:10+02:00 ERROR: Notes are required for electronic payments
2025-09-01T19:32:23+02:00 insertPayment payload: {"user_id":2,"billing_id":"78","reservation_id":"100","sub_method_id":1,"amount_paid":"2","payment_date":"2025-09-02 01:32:23","notes":"Wala lang","reference_number":null}
2025-09-01T19:32:23+02:00 ERROR: Reference number is required for electronic payments
2025-09-01T19:32:27+02:00 insertPayment payload: {"user_id":2,"billing_id":"78","reservation_id":"100","sub_method_id":1,"amount_paid":"2","payment_date":"2025-09-02 01:32:27","notes":"Wala lang","reference_number":"123123123"}
2025-09-04T09:50:45+02:00 insertOnHoldPayment payload: {"reservation_id":"131","sub_method_id":"1","amount_paid":199,"payment_date":"2025-09-04","reference_number":"123321","notes":"Online booking - On hold pending confirmation","status":"on_hold"}
2025-09-04T09:50:45+02:00 File uploaded: assets/images/payment/1756972245_rebisco-sandwich-choco.jpg
2025-09-04T09:50:46+02:00 Payment inserted successfully with ID: 96
2025-09-04T10:16:46+02:00 insertOnHoldPayment payload: {"reservation_id":"133","billing_id":"101","sub_method_id":"1","amount_paid":249,"payment_date":"2025-09-04","reference_number":"123321","notes":"Online booking - On hold pending confirmation","status":"on_hold"}
2025-09-04T10:16:46+02:00 File uploaded: assets/images/payment/1756973806_rebisco-sandwich-choco.jpg
2025-09-04T10:16:46+02:00 Payment inserted successfully with ID: 97
2025-09-04T11:40:09+02:00 insertOnHoldPayment payload: {"reservation_id":"134","billing_id":"102","sub_method_id":"2","amount_paid":249,"payment_date":"2025-09-04","reference_number":"123321123321","notes":"Online booking - On hold pending confirmation","status":"on_hold"}
2025-09-04T11:40:09+02:00 File uploaded: assets/images/payment/1756978809_humba-bisaya-recipe.jpg
2025-09-04T11:40:10+02:00 Payment inserted successfully with ID: 98
2025-09-04T12:08:56+02:00 insertOnHoldPayment payload: {"reservation_id":"135","billing_id":"103","sub_method_id":"1","amount_paid":199,"payment_date":"2025-09-04","reference_number":"123321","notes":"Online booking - On hold pending confirmation","status":"on_hold"}
2025-09-04T12:08:56+02:00 File uploaded: assets/images/payment/1756980536_towel.jpg
2025-09-04T12:08:56+02:00 Payment inserted successfully with ID: 99
2025-09-04T12:50:03+02:00 insertOnHoldPayment payload: {"reservation_id":"136","billing_id":null,"sub_method_id":"1","amount_paid":99.5,"payment_date":"2025-09-04","reference_number":"321123","notes":"Online booking - On hold pending confirmation","status":"on_hold"}
2025-09-04T12:50:03+02:00 File uploaded: assets/images/payment/1756983003_bg.jpg
2025-09-04T12:50:03+02:00 Payment inserted successfully with ID: 100
2025-09-04T13:07:12+02:00 insertOnHoldPayment payload: {"reservation_id":"137","billing_id":"105","sub_method_id":"1","amount_paid":99.5,"payment_date":"2025-09-04","reference_number":"123321","notes":"Online booking - On hold pending confirmation","status":"on_hold"}
2025-09-04T13:07:12+02:00 File uploaded: assets/images/payment/1756984032_rebisco-sandwich-choco.jpg
2025-09-04T13:07:12+02:00 Payment inserted successfully with ID: 101
2025-09-04T15:50:46+02:00 insertOnHoldPayment payload: {"reservation_id":"141","billing_id":"106","sub_method_id":"1","amount_paid":249,"payment_date":"2025-09-04","reference_number":"123123","notes":"Online booking - On hold pending confirmation","status":"on_hold"}
2025-09-04T15:50:46+02:00 File uploaded: assets/images/payment/1756993846_towel.jpg
2025-09-04T15:50:46+02:00 Payment inserted successfully with ID: 102
2025-09-04T17:58:12+02:00 insertPayment payload: {"user_id":7,"billing_id":"109","reservation_id":"144","sub_method_id":6,"amount_paid":"249","payment_date":"2025-09-04 23:58:12","notes":"Paid","reference_number":null}
2025-09-04T18:24:04+02:00 insertOnHoldPayment payload: {"reservation_id":"145","billing_id":"110","sub_method_id":"1","amount_paid":199,"payment_date":"2025-09-04","reference_number":"123123123123","notes":"Online booking - On hold pending confirmation","status":"on_hold"}
2025-09-04T18:24:04+02:00 File uploaded: assets/images/payment/1757003044_redhorse.jpg
2025-09-04T18:24:05+02:00 Payment inserted successfully with ID: 107
2025-09-04T18:36:17+02:00 insertOnHoldPayment payload: {"reservation_id":"146","billing_id":"111","sub_method_id":"1","amount_paid":249,"payment_date":"2025-09-04","reference_number":"123321","notes":"Online booking - On hold pending confirmation","status":"on_hold"}
2025-09-04T18:36:17+02:00 File uploaded: assets/images/payment/1757003777_rebisco-sandwich-choco.jpg
2025-09-04T18:36:17+02:00 Payment inserted successfully with ID: 108
2025-09-04T18:45:34+02:00 insertOnHoldPayment payload: {"reservation_id":"148","billing_id":"113","sub_method_id":"1","amount_paid":249,"payment_date":"2025-09-04","reference_number":"123321","notes":"Online booking - On hold pending confirmation","status":"on_hold"}
2025-09-04T18:45:34+02:00 File uploaded: assets/images/payment/1757004334_redhorse.jpg
2025-09-04T18:45:34+02:00 Payment inserted successfully with ID: 110
